-- Install configuration: ""
-- Up-to-date: /home/fra/master_ws_2/install/custom_robot_description/share/custom_robot_description/launch
-- Up-to-date: /home/fra/master_ws_2/install/custom_robot_description/share/custom_robot_description/launch/rviz.launch.py
-- Up-to-date: /home/fra/master_ws_2/install/custom_robot_description/share/custom_robot_description/urdf
-- Up-to-date: /home/fra/master_ws_2/install/custom_robot_description/share/custom_robot_description/urdf/custom_cobot.urdf.xacro
-- Up-to-date: /home/fra/master_ws_2/install/custom_robot_description/share/custom_robot_description/urdf/custom_robot_gazebo.xacro
-- Up-to-date: /home/fra/master_ws_2/install/custom_robot_description/share/custom_robot_description/urdf/custom_gripper.xacro
-- Up-to-date: /home/fra/master_ws_2/install/custom_robot_description/share/custom_robot_description/urdf/link_joint.xacro
-- Up-to-date: /home/fra/master_ws_2/install/custom_robot_description/share/custom_robot_description/config
-- Up-to-date: /home/fra/master_ws_2/install/custom_robot_description/share/custom_robot_description/config/config.rviz
-- Up-to-date: /home/fra/master_ws_2/install/custom_robot_description/share/ament_index/resource_index/package_run_dependencies/custom_robot_description
-- Up-to-date: /home/fra/master_ws_2/install/custom_robot_description/share/ament_index/resource_index/parent_prefix_path/custom_robot_description
-- Up-to-date: /home/fra/master_ws_2/install/custom_robot_description/share/custom_robot_description/environment/ament_prefix_path.sh
-- Up-to-date: /home/fra/master_ws_2/install/custom_robot_description/share/custom_robot_description/environment/ament_prefix_path.dsv
-- Up-to-date: /home/fra/master_ws_2/install/custom_robot_description/share/custom_robot_description/environment/path.sh
-- Up-to-date: /home/fra/master_ws_2/install/custom_robot_description/share/custom_robot_description/environment/path.dsv
-- Up-to-date: /home/fra/master_ws_2/install/custom_robot_description/share/custom_robot_description/local_setup.bash
-- Up-to-date: /home/fra/master_ws_2/install/custom_robot_description/share/custom_robot_description/local_setup.sh
-- Up-to-date: /home/fra/master_ws_2/install/custom_robot_description/share/custom_robot_description/local_setup.zsh
-- Up-to-date: /home/fra/master_ws_2/install/custom_robot_description/share/custom_robot_description/local_setup.dsv
-- Up-to-date: /home/fra/master_ws_2/install/custom_robot_description/share/custom_robot_description/package.dsv
-- Up-to-date: /home/fra/master_ws_2/install/custom_robot_description/share/ament_index/resource_index/packages/custom_robot_description
-- Up-to-date: /home/fra/master_ws_2/install/custom_robot_description/share/custom_robot_description/cmake/custom_robot_descriptionConfig.cmake
-- Up-to-date: /home/fra/master_ws_2/install/custom_robot_description/share/custom_robot_description/cmake/custom_robot_descriptionConfig-version.cmake
-- Up-to-date: /home/fra/master_ws_2/install/custom_robot_description/share/custom_robot_description/package.xml
