[0.012s] Invoking command in '/home/fra/master_ws_2/build/custom_robot_gazebo': CMAKE_PREFIX_PATH=${CMAKE_PREFIX_PATH}:/home/fra/ros2_ws/install/python_pkg:/opt/ros/humble /usr/bin/cmake /home/fra/master_ws_2/src/custom_robot_gazebo -DCMAKE_INSTALL_PREFIX=/home/fra/master_ws_2/install/custom_robot_gazebo
[0.024s] -- Found ament_cmake: 1.3.11 (/opt/ros/humble/share/ament_cmake/cmake)
[0.147s] -- Found controller_manager: 2.46.0 (/opt/ros/humble/share/controller_manager/cmake)
[0.173s] -- Found rosidl_generator_c: 3.1.6 (/opt/ros/humble/share/rosidl_generator_c/cmake)
[0.175s] -- Found rosidl_adapter: 3.1.6 (/opt/ros/humble/share/rosidl_adapter/cmake)
[0.180s] -- Found rosidl_generator_cpp: 3.1.6 (/opt/ros/humble/share/rosidl_generator_cpp/cmake)
[0.190s] -- Using all available rosidl_typesupport_c: rosidl_typesupport_fastrtps_c;rosidl_typesupport_introspection_c
[0.202s] -- Using all available rosidl_typesupport_cpp: rosidl_typesupport_fastrtps_cpp;rosidl_typesupport_introspection_cpp
[0.361s] -- Found rmw_implementation_cmake: 6.1.2 (/opt/ros/humble/share/rmw_implementation_cmake/cmake)
[0.362s] -- Found rmw_fastrtps_cpp: 6.2.7 (/opt/ros/humble/share/rmw_fastrtps_cpp/cmake)
[0.380s] -- Found TinyXML2 via Config file: TinyXML2_DIR-NOTFOUND
[0.387s] -- Found TinyXML2 via Config file: TinyXML2_DIR-NOTFOUND
[0.402s] -- Found TinyXML2 via Config file: TinyXML2_DIR-NOTFOUND
[0.409s] -- Found TinyXML2 via Config file: TinyXML2_DIR-NOTFOUND
[0.418s] -- Using RMW implementation 'rmw_fastrtps_cpp' as default
[0.502s] [31mCMake Error at CMakeLists.txt:11 (find_package):
[0.502s]   By not providing "Findjoint_state_controller.cmake" in CMAKE_MODULE_PATH
[0.502s]   this project has asked CMake to find a package configuration file provided
[0.502s]   by "joint_state_controller", but CMake did not find one.
[0.502s] 
[0.502s]   Could not find a package configuration file provided by
[0.502s]   "joint_state_controller" with any of the following names:
[0.502s] 
[0.502s]     joint_state_controllerConfig.cmake
[0.502s]     joint_state_controller-config.cmake
[0.502s] 
[0.502s]   Add the installation prefix of "joint_state_controller" to
[0.502s]   CMAKE_PREFIX_PATH or set "joint_state_controller_DIR" to a directory
[0.502s]   containing one of the above files.  If "joint_state_controller" provides a
[0.503s]   separate development package or SDK, be sure it has been installed.
[0.503s] 
[0.503s] [0m
[0.503s] -- Configuring incomplete, errors occurred!
[0.503s] See also "/home/fra/master_ws_2/build/custom_robot_gazebo/CMakeFiles/CMakeOutput.log".
[0.508s] Invoked command in '/home/fra/master_ws_2/build/custom_robot_gazebo' returned '1': CMAKE_PREFIX_PATH=${CMAKE_PREFIX_PATH}:/home/fra/ros2_ws/install/python_pkg:/opt/ros/humble /usr/bin/cmake /home/fra/master_ws_2/src/custom_robot_gazebo -DCMAKE_INSTALL_PREFIX=/home/fra/master_ws_2/install/custom_robot_gazebo
