[0.010s] Invoking command in '/home/fra/master_ws_2/build/custom_robot_description': CMAKE_PREFIX_PATH=${CMAKE_PREFIX_PATH}:/home/fra/ros2_ws/install/python_pkg:/opt/ros/humble /usr/bin/cmake --build /home/fra/master_ws_2/build/custom_robot_description -- -j12 -l12
[0.030s] -- Found ament_cmake: 1.3.11 (/opt/ros/humble/share/ament_cmake/cmake)
[0.149s] -- Found urdf: 2.6.1 (/opt/ros/humble/share/urdf/cmake)
[0.177s] -- Found ament_lint_auto: 0.12.11 (/opt/ros/humble/share/ament_lint_auto/cmake)
[0.242s] -- Added test 'flake8' to check Python code syntax and style conventions
[0.242s] -- Added test 'lint_cmake' to check CMake code style
[0.243s] -- Added test 'pep257' to check Python code against some of the docstring style conventions in PEP 257
[0.244s] -- Added test 'xmllint' to check XML markup files
[0.244s] -- Configuring done
[0.247s] -- Generating done
[0.248s] -- Build files have been written to: /home/fra/master_ws_2/build/custom_robot_description
[0.267s] Invoked command in '/home/fra/master_ws_2/build/custom_robot_description' returned '0': CMAKE_PREFIX_PATH=${CMAKE_PREFIX_PATH}:/home/fra/ros2_ws/install/python_pkg:/opt/ros/humble /usr/bin/cmake --build /home/fra/master_ws_2/build/custom_robot_description -- -j12 -l12
[0.275s] Invoking command in '/home/fra/master_ws_2/build/custom_robot_description': CMAKE_PREFIX_PATH=${CMAKE_PREFIX_PATH}:/home/fra/ros2_ws/install/python_pkg:/opt/ros/humble /usr/bin/cmake --install /home/fra/master_ws_2/build/custom_robot_description
[0.283s] -- Install configuration: ""
[0.283s] -- Installing: /home/fra/master_ws_2/install/custom_robot_description/share/custom_robot_description/launch
[0.283s] -- Installing: /home/fra/master_ws_2/install/custom_robot_description/share/custom_robot_description/launch/rviz.launch.py
[0.283s] -- Up-to-date: /home/fra/master_ws_2/install/custom_robot_description/share/ament_index/resource_index/package_run_dependencies/custom_robot_description
[0.283s] -- Up-to-date: /home/fra/master_ws_2/install/custom_robot_description/share/ament_index/resource_index/parent_prefix_path/custom_robot_description
[0.283s] -- Up-to-date: /home/fra/master_ws_2/install/custom_robot_description/share/custom_robot_description/environment/ament_prefix_path.sh
[0.283s] -- Installing: /home/fra/master_ws_2/install/custom_robot_description/share/custom_robot_description/environment/ament_prefix_path.dsv
[0.283s] -- Up-to-date: /home/fra/master_ws_2/install/custom_robot_description/share/custom_robot_description/environment/path.sh
[0.284s] -- Installing: /home/fra/master_ws_2/install/custom_robot_description/share/custom_robot_description/environment/path.dsv
[0.284s] -- Up-to-date: /home/fra/master_ws_2/install/custom_robot_description/share/custom_robot_description/local_setup.bash
[0.284s] -- Up-to-date: /home/fra/master_ws_2/install/custom_robot_description/share/custom_robot_description/local_setup.sh
[0.284s] -- Up-to-date: /home/fra/master_ws_2/install/custom_robot_description/share/custom_robot_description/local_setup.zsh
[0.284s] -- Installing: /home/fra/master_ws_2/install/custom_robot_description/share/custom_robot_description/local_setup.dsv
[0.284s] -- Installing: /home/fra/master_ws_2/install/custom_robot_description/share/custom_robot_description/package.dsv
[0.284s] -- Up-to-date: /home/fra/master_ws_2/install/custom_robot_description/share/ament_index/resource_index/packages/custom_robot_description
[0.284s] -- Up-to-date: /home/fra/master_ws_2/install/custom_robot_description/share/custom_robot_description/cmake/custom_robot_descriptionConfig.cmake
[0.284s] -- Up-to-date: /home/fra/master_ws_2/install/custom_robot_description/share/custom_robot_description/cmake/custom_robot_descriptionConfig-version.cmake
[0.284s] -- Up-to-date: /home/fra/master_ws_2/install/custom_robot_description/share/custom_robot_description/package.xml
[0.286s] Invoked command in '/home/fra/master_ws_2/build/custom_robot_description' returned '0': CMAKE_PREFIX_PATH=${CMAKE_PREFIX_PATH}:/home/fra/ros2_ws/install/python_pkg:/opt/ros/humble /usr/bin/cmake --install /home/fra/master_ws_2/build/custom_robot_description
