-- Found ament_cmake: 1.3.11 (/opt/ros/humble/share/ament_cmake/cmake)
-- Found controller_manager: 2.46.0 (/opt/ros/humble/share/controller_manager/cmake)
-- Found rosidl_generator_c: 3.1.6 (/opt/ros/humble/share/rosidl_generator_c/cmake)
-- Found rosidl_adapter: 3.1.6 (/opt/ros/humble/share/rosidl_adapter/cmake)
-- Found rosidl_generator_cpp: 3.1.6 (/opt/ros/humble/share/rosidl_generator_cpp/cmake)
-- Using all available rosidl_typesupport_c: rosidl_typesupport_fastrtps_c;rosidl_typesupport_introspection_c
-- Using all available rosidl_typesupport_cpp: rosidl_typesupport_fastrtps_cpp;rosidl_typesupport_introspection_cpp
-- Found rmw_implementation_cmake: 6.1.2 (/opt/ros/humble/share/rmw_implementation_cmake/cmake)
-- Found rmw_fastrtps_cpp: 6.2.7 (/opt/ros/humble/share/rmw_fastrtps_cpp/cmake)
-- Found TinyXML2 via Config file: TinyXML2_DIR-NOTFOUND
-- Found TinyXML2 via Config file: TinyXML2_DIR-NOTFOUND
-- Found TinyXML2 via Config file: TinyXML2_DIR-NOTFOUND
-- Found TinyXML2 via Config file: TinyXML2_DIR-NOTFOUND
-- Using RMW implementation 'rmw_fastrtps_cpp' as default
-- Found urdf: 2.6.1 (/opt/ros/humble/share/urdf/cmake)
-- Found ament_lint_auto: 0.12.11 (/opt/ros/humble/share/ament_lint_auto/cmake)
-- Added test 'lint_cmake' to check CMake code style
-- Added test 'xmllint' to check XML markup files
-- Configuring done
-- Generating done
-- Build files have been written to: /home/fra/master_ws_2/build/custom_robot_gazebo
-- Install configuration: ""
-- Installing: /home/fra/master_ws_2/install/custom_robot_gazebo/share/ament_index/resource_index/package_run_dependencies/custom_robot_gazebo
-- Installing: /home/fra/master_ws_2/install/custom_robot_gazebo/share/ament_index/resource_index/parent_prefix_path/custom_robot_gazebo
-- Installing: /home/fra/master_ws_2/install/custom_robot_gazebo/share/custom_robot_gazebo/environment/ament_prefix_path.sh
-- Installing: /home/fra/master_ws_2/install/custom_robot_gazebo/share/custom_robot_gazebo/environment/ament_prefix_path.dsv
-- Installing: /home/fra/master_ws_2/install/custom_robot_gazebo/share/custom_robot_gazebo/environment/path.sh
-- Installing: /home/fra/master_ws_2/install/custom_robot_gazebo/share/custom_robot_gazebo/environment/path.dsv
-- Installing: /home/fra/master_ws_2/install/custom_robot_gazebo/share/custom_robot_gazebo/local_setup.bash
-- Installing: /home/fra/master_ws_2/install/custom_robot_gazebo/share/custom_robot_gazebo/local_setup.sh
-- Installing: /home/fra/master_ws_2/install/custom_robot_gazebo/share/custom_robot_gazebo/local_setup.zsh
-- Installing: /home/fra/master_ws_2/install/custom_robot_gazebo/share/custom_robot_gazebo/local_setup.dsv
-- Installing: /home/fra/master_ws_2/install/custom_robot_gazebo/share/custom_robot_gazebo/package.dsv
-- Installing: /home/fra/master_ws_2/install/custom_robot_gazebo/share/ament_index/resource_index/packages/custom_robot_gazebo
-- Installing: /home/fra/master_ws_2/install/custom_robot_gazebo/share/custom_robot_gazebo/cmake/custom_robot_gazeboConfig.cmake
-- Installing: /home/fra/master_ws_2/install/custom_robot_gazebo/share/custom_robot_gazebo/cmake/custom_robot_gazeboConfig-version.cmake
-- Installing: /home/fra/master_ws_2/install/custom_robot_gazebo/share/custom_robot_gazebo/package.xml
