[0.015s] Invoking command in '/home/fra/master_ws_2/build/custom_robot_description': CMAKE_PREFIX_PATH=${CMAKE_PREFIX_PATH}:/home/fra/ros2_ws/install/python_pkg:/opt/ros/humble /usr/bin/cmake --build /home/fra/master_ws_2/build/custom_robot_description -- -j12 -l12
[0.048s] Invoked command in '/home/fra/master_ws_2/build/custom_robot_description' returned '0': CMAKE_PREFIX_PATH=${CMAKE_PREFIX_PATH}:/home/fra/ros2_ws/install/python_pkg:/opt/ros/humble /usr/bin/cmake --build /home/fra/master_ws_2/build/custom_robot_description -- -j12 -l12
[0.056s] Invoking command in '/home/fra/master_ws_2/build/custom_robot_description': CMAKE_PREFIX_PATH=${CMAKE_PREFIX_PATH}:/home/fra/ros2_ws/install/python_pkg:/opt/ros/humble /usr/bin/cmake --install /home/fra/master_ws_2/build/custom_robot_description
[0.062s] -- Install configuration: ""
[0.062s] -- Up-to-date: /home/fra/master_ws_2/install/custom_robot_description/share/custom_robot_description/launch
[0.062s] -- Up-to-date: /home/fra/master_ws_2/install/custom_robot_description/share/custom_robot_description/launch/rviz.launch.py
[0.062s] -- Up-to-date: /home/fra/master_ws_2/install/custom_robot_description/share/custom_robot_description/urdf
[0.063s] -- Up-to-date: /home/fra/master_ws_2/install/custom_robot_description/share/custom_robot_description/urdf/custom_cobot.urdf.xacro
[0.063s] -- Up-to-date: /home/fra/master_ws_2/install/custom_robot_description/share/custom_robot_description/urdf/custom_robot_gazebo.xacro
[0.063s] -- Up-to-date: /home/fra/master_ws_2/install/custom_robot_description/share/custom_robot_description/urdf/custom_gripper.xacro
[0.063s] -- Up-to-date: /home/fra/master_ws_2/install/custom_robot_description/share/custom_robot_description/urdf/link_joint.xacro
[0.063s] -- Up-to-date: /home/fra/master_ws_2/install/custom_robot_description/share/custom_robot_description/config
[0.063s] -- Up-to-date: /home/fra/master_ws_2/install/custom_robot_description/share/custom_robot_description/config/config.rviz
[0.063s] -- Up-to-date: /home/fra/master_ws_2/install/custom_robot_description/share/ament_index/resource_index/package_run_dependencies/custom_robot_description
[0.063s] -- Up-to-date: /home/fra/master_ws_2/install/custom_robot_description/share/ament_index/resource_index/parent_prefix_path/custom_robot_description
[0.063s] -- Up-to-date: /home/fra/master_ws_2/install/custom_robot_description/share/custom_robot_description/environment/ament_prefix_path.sh
[0.063s] -- Up-to-date: /home/fra/master_ws_2/install/custom_robot_description/share/custom_robot_description/environment/ament_prefix_path.dsv
[0.063s] -- Up-to-date: /home/fra/master_ws_2/install/custom_robot_description/share/custom_robot_description/environment/path.sh
[0.063s] -- Up-to-date: /home/fra/master_ws_2/install/custom_robot_description/share/custom_robot_description/environment/path.dsv
[0.063s] -- Up-to-date: /home/fra/master_ws_2/install/custom_robot_description/share/custom_robot_description/local_setup.bash
[0.064s] -- Up-to-date: /home/fra/master_ws_2/install/custom_robot_description/share/custom_robot_description/local_setup.sh
[0.064s] -- Up-to-date: /home/fra/master_ws_2/install/custom_robot_description/share/custom_robot_description/local_setup.zsh
[0.064s] -- Up-to-date: /home/fra/master_ws_2/install/custom_robot_description/share/custom_robot_description/local_setup.dsv
[0.064s] -- Installing: /home/fra/master_ws_2/install/custom_robot_description/share/custom_robot_description/package.dsv
[0.064s] -- Up-to-date: /home/fra/master_ws_2/install/custom_robot_description/share/ament_index/resource_index/packages/custom_robot_description
[0.064s] -- Up-to-date: /home/fra/master_ws_2/install/custom_robot_description/share/custom_robot_description/cmake/custom_robot_descriptionConfig.cmake
[0.064s] -- Up-to-date: /home/fra/master_ws_2/install/custom_robot_description/share/custom_robot_description/cmake/custom_robot_descriptionConfig-version.cmake
[0.064s] -- Up-to-date: /home/fra/master_ws_2/install/custom_robot_description/share/custom_robot_description/package.xml
[0.065s] Invoked command in '/home/fra/master_ws_2/build/custom_robot_description' returned '0': CMAKE_PREFIX_PATH=${CMAKE_PREFIX_PATH}:/home/fra/ros2_ws/install/python_pkg:/opt/ros/humble /usr/bin/cmake --install /home/fra/master_ws_2/build/custom_robot_description
