[0.013s] Invoking command in '/home/fra/master_ws_2/build/custom_robot_gazebo': CMAKE_PREFIX_PATH=${CMAKE_PREFIX_PATH}:/home/fra/ros2_ws/install/python_pkg:/opt/ros/humble /usr/bin/cmake --build /home/fra/master_ws_2/build/custom_robot_gazebo -- -j12 -l12
[0.036s] -- Found ament_cmake: 1.3.11 (/opt/ros/humble/share/ament_cmake/cmake)
[0.156s] -- Found controller_manager: 2.46.0 (/opt/ros/humble/share/controller_manager/cmake)
[0.182s] -- Found rosidl_generator_c: 3.1.6 (/opt/ros/humble/share/rosidl_generator_c/cmake)
[0.184s] -- Found rosidl_adapter: 3.1.6 (/opt/ros/humble/share/rosidl_adapter/cmake)
[0.190s] -- Found rosidl_generator_cpp: 3.1.6 (/opt/ros/humble/share/rosidl_generator_cpp/cmake)
[0.200s] -- Using all available rosidl_typesupport_c: rosidl_typesupport_fastrtps_c;rosidl_typesupport_introspection_c
[0.212s] -- Using all available rosidl_typesupport_cpp: rosidl_typesupport_fastrtps_cpp;rosidl_typesupport_introspection_cpp
[0.373s] -- Found rmw_implementation_cmake: 6.1.2 (/opt/ros/humble/share/rmw_implementation_cmake/cmake)
[0.374s] -- Found rmw_fastrtps_cpp: 6.2.7 (/opt/ros/humble/share/rmw_fastrtps_cpp/cmake)
[0.392s] -- Found TinyXML2 via Config file: TinyXML2_DIR-NOTFOUND
[0.400s] -- Found TinyXML2 via Config file: TinyXML2_DIR-NOTFOUND
[0.414s] -- Found TinyXML2 via Config file: TinyXML2_DIR-NOTFOUND
[0.421s] -- Found TinyXML2 via Config file: TinyXML2_DIR-NOTFOUND
[0.431s] -- Using RMW implementation 'rmw_fastrtps_cpp' as default
[0.520s] -- Found robot_state_publisher: 3.0.3 (/opt/ros/humble/share/robot_state_publisher/cmake)
[0.538s] -- Found eigen3_cmake_module: 0.1.1 (/opt/ros/humble/share/eigen3_cmake_module/cmake)
[0.539s] -- Found Eigen3: TRUE (found version "3.4.0") 
[0.539s] -- Ensuring Eigen3 include directory is part of orocos-kdl CMake target
[0.611s] -- Found ament_lint_auto: 0.12.11 (/opt/ros/humble/share/ament_lint_auto/cmake)
[0.673s] -- Added test 'flake8' to check Python code syntax and style conventions
[0.674s] -- Added test 'lint_cmake' to check CMake code style
[0.674s] -- Added test 'pep257' to check Python code against some of the docstring style conventions in PEP 257
[0.675s] -- Added test 'xmllint' to check XML markup files
[0.675s] -- Configuring done
[0.680s] -- Generating done
[0.682s] -- Build files have been written to: /home/fra/master_ws_2/build/custom_robot_gazebo
[0.704s] Invoked command in '/home/fra/master_ws_2/build/custom_robot_gazebo' returned '0': CMAKE_PREFIX_PATH=${CMAKE_PREFIX_PATH}:/home/fra/ros2_ws/install/python_pkg:/opt/ros/humble /usr/bin/cmake --build /home/fra/master_ws_2/build/custom_robot_gazebo -- -j12 -l12
[0.705s] Invoking command in '/home/fra/master_ws_2/build/custom_robot_gazebo': CMAKE_PREFIX_PATH=${CMAKE_PREFIX_PATH}:/home/fra/ros2_ws/install/python_pkg:/opt/ros/humble /usr/bin/cmake --install /home/fra/master_ws_2/build/custom_robot_gazebo
[0.711s] -- Install configuration: ""
[0.712s] -- Up-to-date: /home/fra/master_ws_2/install/custom_robot_gazebo/share/custom_robot_gazebo/launch
[0.712s] -- Up-to-date: /home/fra/master_ws_2/install/custom_robot_gazebo/share/custom_robot_gazebo/launch/spawn_robot.launch.py
[0.712s] -- Up-to-date: /home/fra/master_ws_2/install/custom_robot_gazebo/share/custom_robot_gazebo/config
[0.712s] -- Up-to-date: /home/fra/master_ws_2/install/custom_robot_gazebo/share/custom_robot_gazebo/config/joint_controllers.yaml
[0.712s] -- Installing: /home/fra/master_ws_2/install/custom_robot_gazebo/share/ament_index/resource_index/package_run_dependencies/custom_robot_gazebo
[0.712s] -- Installing: /home/fra/master_ws_2/install/custom_robot_gazebo/share/ament_index/resource_index/parent_prefix_path/custom_robot_gazebo
[0.712s] -- Up-to-date: /home/fra/master_ws_2/install/custom_robot_gazebo/share/custom_robot_gazebo/environment/ament_prefix_path.sh
[0.712s] -- Installing: /home/fra/master_ws_2/install/custom_robot_gazebo/share/custom_robot_gazebo/environment/ament_prefix_path.dsv
[0.712s] -- Up-to-date: /home/fra/master_ws_2/install/custom_robot_gazebo/share/custom_robot_gazebo/environment/path.sh
[0.712s] -- Installing: /home/fra/master_ws_2/install/custom_robot_gazebo/share/custom_robot_gazebo/environment/path.dsv
[0.713s] -- Up-to-date: /home/fra/master_ws_2/install/custom_robot_gazebo/share/custom_robot_gazebo/local_setup.bash
[0.713s] -- Up-to-date: /home/fra/master_ws_2/install/custom_robot_gazebo/share/custom_robot_gazebo/local_setup.sh
[0.713s] -- Up-to-date: /home/fra/master_ws_2/install/custom_robot_gazebo/share/custom_robot_gazebo/local_setup.zsh
[0.713s] -- Installing: /home/fra/master_ws_2/install/custom_robot_gazebo/share/custom_robot_gazebo/local_setup.dsv
[0.713s] -- Installing: /home/fra/master_ws_2/install/custom_robot_gazebo/share/custom_robot_gazebo/package.dsv
[0.713s] -- Up-to-date: /home/fra/master_ws_2/install/custom_robot_gazebo/share/ament_index/resource_index/packages/custom_robot_gazebo
[0.713s] -- Up-to-date: /home/fra/master_ws_2/install/custom_robot_gazebo/share/custom_robot_gazebo/cmake/custom_robot_gazeboConfig.cmake
[0.713s] -- Up-to-date: /home/fra/master_ws_2/install/custom_robot_gazebo/share/custom_robot_gazebo/cmake/custom_robot_gazeboConfig-version.cmake
[0.713s] -- Installing: /home/fra/master_ws_2/install/custom_robot_gazebo/share/custom_robot_gazebo/package.xml
[0.715s] Invoked command in '/home/fra/master_ws_2/build/custom_robot_gazebo' returned '0': CMAKE_PREFIX_PATH=${CMAKE_PREFIX_PATH}:/home/fra/ros2_ws/install/python_pkg:/opt/ros/humble /usr/bin/cmake --install /home/fra/master_ws_2/build/custom_robot_gazebo
