[0.017s] Invoking command in '/home/fra/master_ws_2/build/custom_robot_gazebo': CMAKE_PREFIX_PATH=${CMAKE_PREFIX_PATH}:/home/fra/ros2_ws/install/python_pkg:/opt/ros/humble /usr/bin/cmake --build /home/fra/master_ws_2/build/custom_robot_gazebo -- -j12 -l12
[0.039s] -- Found ament_cmake: 1.3.11 (/opt/ros/humble/share/ament_cmake/cmake)
[0.162s] -- Found controller_manager: 2.46.0 (/opt/ros/humble/share/controller_manager/cmake)
[0.189s] -- Found rosidl_generator_c: 3.1.6 (/opt/ros/humble/share/rosidl_generator_c/cmake)
[0.191s] -- Found rosidl_adapter: 3.1.6 (/opt/ros/humble/share/rosidl_adapter/cmake)
[0.197s] -- Found rosidl_generator_cpp: 3.1.6 (/opt/ros/humble/share/rosidl_generator_cpp/cmake)
[0.206s] -- Using all available rosidl_typesupport_c: rosidl_typesupport_fastrtps_c;rosidl_typesupport_introspection_c
[0.218s] -- Using all available rosidl_typesupport_cpp: rosidl_typesupport_fastrtps_cpp;rosidl_typesupport_introspection_cpp
[0.380s] -- Found rmw_implementation_cmake: 6.1.2 (/opt/ros/humble/share/rmw_implementation_cmake/cmake)
[0.381s] -- Found rmw_fastrtps_cpp: 6.2.7 (/opt/ros/humble/share/rmw_fastrtps_cpp/cmake)
[0.399s] -- Found TinyXML2 via Config file: TinyXML2_DIR-NOTFOUND
[0.406s] -- Found TinyXML2 via Config file: TinyXML2_DIR-NOTFOUND
[0.421s] -- Found TinyXML2 via Config file: TinyXML2_DIR-NOTFOUND
[0.428s] -- Found TinyXML2 via Config file: TinyXML2_DIR-NOTFOUND
[0.437s] -- Using RMW implementation 'rmw_fastrtps_cpp' as default
[0.523s] [31mCMake Error at CMakeLists.txt:11 (find_package):
[0.523s]   By not providing "Findjoint_state_controller.cmake" in CMAKE_MODULE_PATH
[0.523s]   this project has asked CMake to find a package configuration file provided
[0.523s]   by "joint_state_controller", but CMake did not find one.
[0.523s] 
[0.523s]   Could not find a package configuration file provided by
[0.523s]   "joint_state_controller" with any of the following names:
[0.523s] 
[0.523s]     joint_state_controllerConfig.cmake
[0.523s]     joint_state_controller-config.cmake
[0.523s] 
[0.523s]   Add the installation prefix of "joint_state_controller" to
[0.524s]   CMAKE_PREFIX_PATH or set "joint_state_controller_DIR" to a directory
[0.524s]   containing one of the above files.  If "joint_state_controller" provides a
[0.524s]   separate development package or SDK, be sure it has been installed.
[0.524s] 
[0.524s] [0m
[0.524s] -- Configuring incomplete, errors occurred!
[0.524s] See also "/home/fra/master_ws_2/build/custom_robot_gazebo/CMakeFiles/CMakeOutput.log".
[0.528s] gmake: *** [Makefile:226: cmake_check_build_system] Error 1
[0.530s] Invoked command in '/home/fra/master_ws_2/build/custom_robot_gazebo' returned '2': CMAKE_PREFIX_PATH=${CMAKE_PREFIX_PATH}:/home/fra/ros2_ws/install/python_pkg:/opt/ros/humble /usr/bin/cmake --build /home/fra/master_ws_2/build/custom_robot_gazebo -- -j12 -l12
