[0.104s] DEBUG:colcon:Command line arguments: ['/usr/bin/colcon', 'build']
[0.104s] DEBUG:colcon:Parsed command line arguments: Namespace(log_base=None, log_level=None, verb_name='build', build_base='build', install_base='install', merge_install=False, symlink_install=False, test_result_base=None, continue_on_error=False, executor='parallel', parallel_workers=12, event_handlers=None, ignore_user_meta=False, metas=['./colcon.meta'], base_paths=['.'], packages_ignore=None, packages_ignore_regex=None, paths=None, packages_up_to=None, packages_up_to_regex=None, packages_above=None, packages_above_and_dependencies=None, packages_above_depth=None, packages_select_by_dep=None, packages_skip_by_dep=None, packages_skip_up_to=None, packages_select_build_failed=False, packages_skip_build_finished=False, packages_select_test_failures=False, packages_skip_test_passed=False, packages_select=None, packages_skip=None, packages_select_regex=None, packages_skip_regex=None, packages_start=None, packages_end=None, allow_overriding=[], cmake_args=None, cmake_target=None, cmake_target_skip_unavailable=False, cmake_clean_cache=False, cmake_clean_first=False, cmake_force_configure=False, ament_cmake_args=None, catkin_cmake_args=None, catkin_skip_building_tests=False, mixin_files=None, mixin=None, verb_parser=<colcon_mixin.mixin.mixin_argument.MixinArgumentDecorator object at 0x7318f9052920>, verb_extension=<colcon_core.verb.build.BuildVerb object at 0x7318f9052290>, main=<bound method BuildVerb.main of <colcon_core.verb.build.BuildVerb object at 0x7318f9052290>>, mixin_verb=('build',))
[0.263s] Level 1:colcon.colcon_core.package_discovery:discover_packages(colcon_meta) check parameters
[0.263s] Level 1:colcon.colcon_core.package_discovery:discover_packages(recursive) check parameters
[0.263s] Level 1:colcon.colcon_core.package_discovery:discover_packages(ignore) check parameters
[0.263s] Level 1:colcon.colcon_core.package_discovery:discover_packages(path) check parameters
[0.263s] Level 1:colcon.colcon_core.package_discovery:discover_packages(colcon_meta) discover
[0.263s] Level 1:colcon.colcon_core.package_discovery:discover_packages(recursive) discover
[0.263s] INFO:colcon.colcon_core.package_discovery:Crawling recursively for packages in '/home/fra/master_ws_2'
[0.263s] Level 1:colcon.colcon_core.package_identification:_identify(.) by extensions ['ignore', 'ignore_ament_install']
[0.263s] Level 1:colcon.colcon_core.package_identification:_identify(.) by extension 'ignore'
[0.263s] Level 1:colcon.colcon_core.package_identification:_identify(.) by extension 'ignore_ament_install'
[0.264s] Level 1:colcon.colcon_core.package_identification:_identify(.) by extensions ['colcon_pkg']
[0.264s] Level 1:colcon.colcon_core.package_identification:_identify(.) by extension 'colcon_pkg'
[0.264s] Level 1:colcon.colcon_core.package_identification:_identify(.) by extensions ['colcon_meta']
[0.264s] Level 1:colcon.colcon_core.package_identification:_identify(.) by extension 'colcon_meta'
[0.264s] Level 1:colcon.colcon_core.package_identification:_identify(.) by extensions ['ros']
[0.264s] Level 1:colcon.colcon_core.package_identification:_identify(.) by extension 'ros'
[0.274s] Level 1:colcon.colcon_core.package_identification:_identify(.) by extensions ['cmake', 'python']
[0.274s] Level 1:colcon.colcon_core.package_identification:_identify(.) by extension 'cmake'
[0.274s] Level 1:colcon.colcon_core.package_identification:_identify(.) by extension 'python'
[0.274s] Level 1:colcon.colcon_core.package_identification:_identify(.) by extensions ['python_setup_py']
[0.274s] Level 1:colcon.colcon_core.package_identification:_identify(.) by extension 'python_setup_py'
[0.274s] Level 1:colcon.colcon_core.package_identification:_identify(build) by extensions ['ignore', 'ignore_ament_install']
[0.274s] Level 1:colcon.colcon_core.package_identification:_identify(build) by extension 'ignore'
[0.274s] Level 1:colcon.colcon_core.package_identification:_identify(build) ignored
[0.274s] Level 1:colcon.colcon_core.package_identification:_identify(install) by extensions ['ignore', 'ignore_ament_install']
[0.274s] Level 1:colcon.colcon_core.package_identification:_identify(install) by extension 'ignore'
[0.274s] Level 1:colcon.colcon_core.package_identification:_identify(install) ignored
[0.274s] Level 1:colcon.colcon_core.package_identification:_identify(log) by extensions ['ignore', 'ignore_ament_install']
[0.274s] Level 1:colcon.colcon_core.package_identification:_identify(log) by extension 'ignore'
[0.274s] Level 1:colcon.colcon_core.package_identification:_identify(log) ignored
[0.275s] Level 1:colcon.colcon_core.package_identification:_identify(src) by extensions ['ignore', 'ignore_ament_install']
[0.275s] Level 1:colcon.colcon_core.package_identification:_identify(src) by extension 'ignore'
[0.275s] Level 1:colcon.colcon_core.package_identification:_identify(src) by extension 'ignore_ament_install'
[0.275s] Level 1:colcon.colcon_core.package_identification:_identify(src) by extensions ['colcon_pkg']
[0.275s] Level 1:colcon.colcon_core.package_identification:_identify(src) by extension 'colcon_pkg'
[0.275s] Level 1:colcon.colcon_core.package_identification:_identify(src) by extensions ['colcon_meta']
[0.275s] Level 1:colcon.colcon_core.package_identification:_identify(src) by extension 'colcon_meta'
[0.275s] Level 1:colcon.colcon_core.package_identification:_identify(src) by extensions ['ros']
[0.275s] Level 1:colcon.colcon_core.package_identification:_identify(src) by extension 'ros'
[0.275s] Level 1:colcon.colcon_core.package_identification:_identify(src) by extensions ['cmake', 'python']
[0.275s] Level 1:colcon.colcon_core.package_identification:_identify(src) by extension 'cmake'
[0.275s] Level 1:colcon.colcon_core.package_identification:_identify(src) by extension 'python'
[0.275s] Level 1:colcon.colcon_core.package_identification:_identify(src) by extensions ['python_setup_py']
[0.275s] Level 1:colcon.colcon_core.package_identification:_identify(src) by extension 'python_setup_py'
[0.275s] Level 1:colcon.colcon_core.package_identification:_identify(src/custom_robot_description) by extensions ['ignore', 'ignore_ament_install']
[0.275s] Level 1:colcon.colcon_core.package_identification:_identify(src/custom_robot_description) by extension 'ignore'
[0.275s] Level 1:colcon.colcon_core.package_identification:_identify(src/custom_robot_description) by extension 'ignore_ament_install'
[0.275s] Level 1:colcon.colcon_core.package_identification:_identify(src/custom_robot_description) by extensions ['colcon_pkg']
[0.275s] Level 1:colcon.colcon_core.package_identification:_identify(src/custom_robot_description) by extension 'colcon_pkg'
[0.275s] Level 1:colcon.colcon_core.package_identification:_identify(src/custom_robot_description) by extensions ['colcon_meta']
[0.275s] Level 1:colcon.colcon_core.package_identification:_identify(src/custom_robot_description) by extension 'colcon_meta'
[0.276s] Level 1:colcon.colcon_core.package_identification:_identify(src/custom_robot_description) by extensions ['ros']
[0.276s] Level 1:colcon.colcon_core.package_identification:_identify(src/custom_robot_description) by extension 'ros'
[0.278s] DEBUG:colcon.colcon_core.package_identification:Package 'src/custom_robot_description' with type 'ros.ament_cmake' and name 'custom_robot_description'
[0.278s] Level 1:colcon.colcon_core.package_identification:_identify(src/custom_robot_gazebo) by extensions ['ignore', 'ignore_ament_install']
[0.278s] Level 1:colcon.colcon_core.package_identification:_identify(src/custom_robot_gazebo) by extension 'ignore'
[0.278s] Level 1:colcon.colcon_core.package_identification:_identify(src/custom_robot_gazebo) by extension 'ignore_ament_install'
[0.278s] Level 1:colcon.colcon_core.package_identification:_identify(src/custom_robot_gazebo) by extensions ['colcon_pkg']
[0.278s] Level 1:colcon.colcon_core.package_identification:_identify(src/custom_robot_gazebo) by extension 'colcon_pkg'
[0.278s] Level 1:colcon.colcon_core.package_identification:_identify(src/custom_robot_gazebo) by extensions ['colcon_meta']
[0.278s] Level 1:colcon.colcon_core.package_identification:_identify(src/custom_robot_gazebo) by extension 'colcon_meta'
[0.278s] Level 1:colcon.colcon_core.package_identification:_identify(src/custom_robot_gazebo) by extensions ['ros']
[0.278s] Level 1:colcon.colcon_core.package_identification:_identify(src/custom_robot_gazebo) by extension 'ros'
[0.279s] DEBUG:colcon.colcon_core.package_identification:Package 'src/custom_robot_gazebo' with type 'ros.ament_cmake' and name 'custom_robot_gazebo'
[0.279s] Level 1:colcon.colcon_core.package_discovery:discover_packages(recursive) using defaults
[0.279s] Level 1:colcon.colcon_core.package_discovery:discover_packages(ignore) discover
[0.279s] Level 1:colcon.colcon_core.package_discovery:discover_packages(ignore) using defaults
[0.279s] Level 1:colcon.colcon_core.package_discovery:discover_packages(path) discover
[0.279s] Level 1:colcon.colcon_core.package_discovery:discover_packages(path) using defaults
[0.304s] Level 1:colcon.colcon_core.package_discovery:discover_packages(prefix_path) check parameters
[0.304s] Level 1:colcon.colcon_core.package_discovery:discover_packages(prefix_path) discover
[0.306s] DEBUG:colcon.colcon_installed_package_information.package_discovery:Found 2 installed packages in /home/fra/master_ws_2/install
[0.306s] DEBUG:colcon.colcon_installed_package_information.package_discovery:Found 4 installed packages in /home/fra/ros2_ws/install
[0.307s] DEBUG:colcon.colcon_installed_package_information.package_discovery:Found 280 installed packages in /opt/ros/humble
[0.309s] Level 1:colcon.colcon_core.package_discovery:discover_packages(prefix_path) using defaults
[0.344s] Level 5:colcon.colcon_core.verb:set package 'custom_robot_description' build argument 'cmake_args' from command line to 'None'
[0.344s] Level 5:colcon.colcon_core.verb:set package 'custom_robot_description' build argument 'cmake_target' from command line to 'None'
[0.344s] Level 5:colcon.colcon_core.verb:set package 'custom_robot_description' build argument 'cmake_target_skip_unavailable' from command line to 'False'
[0.344s] Level 5:colcon.colcon_core.verb:set package 'custom_robot_description' build argument 'cmake_clean_cache' from command line to 'False'
[0.344s] Level 5:colcon.colcon_core.verb:set package 'custom_robot_description' build argument 'cmake_clean_first' from command line to 'False'
[0.344s] Level 5:colcon.colcon_core.verb:set package 'custom_robot_description' build argument 'cmake_force_configure' from command line to 'False'
[0.344s] Level 5:colcon.colcon_core.verb:set package 'custom_robot_description' build argument 'ament_cmake_args' from command line to 'None'
[0.344s] Level 5:colcon.colcon_core.verb:set package 'custom_robot_description' build argument 'catkin_cmake_args' from command line to 'None'
[0.344s] Level 5:colcon.colcon_core.verb:set package 'custom_robot_description' build argument 'catkin_skip_building_tests' from command line to 'False'
[0.344s] DEBUG:colcon.colcon_core.verb:Building package 'custom_robot_description' with the following arguments: {'ament_cmake_args': None, 'build_base': '/home/fra/master_ws_2/build/custom_robot_description', 'catkin_cmake_args': None, 'catkin_skip_building_tests': False, 'cmake_args': None, 'cmake_clean_cache': False, 'cmake_clean_first': False, 'cmake_force_configure': False, 'cmake_target': None, 'cmake_target_skip_unavailable': False, 'install_base': '/home/fra/master_ws_2/install/custom_robot_description', 'merge_install': False, 'path': '/home/fra/master_ws_2/src/custom_robot_description', 'symlink_install': False, 'test_result_base': None}
[0.345s] Level 5:colcon.colcon_core.verb:set package 'custom_robot_gazebo' build argument 'cmake_args' from command line to 'None'
[0.345s] Level 5:colcon.colcon_core.verb:set package 'custom_robot_gazebo' build argument 'cmake_target' from command line to 'None'
[0.345s] Level 5:colcon.colcon_core.verb:set package 'custom_robot_gazebo' build argument 'cmake_target_skip_unavailable' from command line to 'False'
[0.345s] Level 5:colcon.colcon_core.verb:set package 'custom_robot_gazebo' build argument 'cmake_clean_cache' from command line to 'False'
[0.345s] Level 5:colcon.colcon_core.verb:set package 'custom_robot_gazebo' build argument 'cmake_clean_first' from command line to 'False'
[0.345s] Level 5:colcon.colcon_core.verb:set package 'custom_robot_gazebo' build argument 'cmake_force_configure' from command line to 'False'
[0.345s] Level 5:colcon.colcon_core.verb:set package 'custom_robot_gazebo' build argument 'ament_cmake_args' from command line to 'None'
[0.345s] Level 5:colcon.colcon_core.verb:set package 'custom_robot_gazebo' build argument 'catkin_cmake_args' from command line to 'None'
[0.345s] Level 5:colcon.colcon_core.verb:set package 'custom_robot_gazebo' build argument 'catkin_skip_building_tests' from command line to 'False'
[0.345s] DEBUG:colcon.colcon_core.verb:Building package 'custom_robot_gazebo' with the following arguments: {'ament_cmake_args': None, 'build_base': '/home/fra/master_ws_2/build/custom_robot_gazebo', 'catkin_cmake_args': None, 'catkin_skip_building_tests': False, 'cmake_args': None, 'cmake_clean_cache': False, 'cmake_clean_first': False, 'cmake_force_configure': False, 'cmake_target': None, 'cmake_target_skip_unavailable': False, 'install_base': '/home/fra/master_ws_2/install/custom_robot_gazebo', 'merge_install': False, 'path': '/home/fra/master_ws_2/src/custom_robot_gazebo', 'symlink_install': False, 'test_result_base': None}
[0.345s] INFO:colcon.colcon_core.executor:Executing jobs using 'parallel' executor
[0.346s] DEBUG:colcon.colcon_parallel_executor.executor.parallel:run_until_complete
[0.346s] INFO:colcon.colcon_ros.task.ament_cmake.build:Building ROS package in '/home/fra/master_ws_2/src/custom_robot_description' with build type 'ament_cmake'
[0.346s] INFO:colcon.colcon_cmake.task.cmake.build:Building CMake package in '/home/fra/master_ws_2/src/custom_robot_description'
[0.348s] INFO:colcon.colcon_core.plugin_system:Skipping extension 'colcon_core.shell.bat': Not used on non-Windows systems
[0.348s] INFO:colcon.colcon_core.shell:Skip shell extension 'powershell' for command environment: Not usable outside of PowerShell
[0.348s] DEBUG:colcon.colcon_core.shell:Skip shell extension 'dsv' for command environment
[0.351s] INFO:colcon.colcon_ros.task.ament_cmake.build:Building ROS package in '/home/fra/master_ws_2/src/custom_robot_gazebo' with build type 'ament_cmake'
[0.352s] INFO:colcon.colcon_cmake.task.cmake.build:Building CMake package in '/home/fra/master_ws_2/src/custom_robot_gazebo'
[0.352s] INFO:colcon.colcon_core.shell:Skip shell extension 'powershell' for command environment: Not usable outside of PowerShell
[0.352s] DEBUG:colcon.colcon_core.shell:Skip shell extension 'dsv' for command environment
[0.360s] DEBUG:colcon.colcon_core.event_handler.log_command:Invoking command in '/home/fra/master_ws_2/build/custom_robot_description': CMAKE_PREFIX_PATH=${CMAKE_PREFIX_PATH}:/home/fra/ros2_ws/install/python_pkg:/opt/ros/humble /usr/bin/cmake --build /home/fra/master_ws_2/build/custom_robot_description -- -j12 -l12
[0.365s] DEBUG:colcon.colcon_core.event_handler.log_command:Invoking command in '/home/fra/master_ws_2/build/custom_robot_gazebo': CMAKE_PREFIX_PATH=${CMAKE_PREFIX_PATH}:/home/fra/ros2_ws/install/python_pkg:/opt/ros/humble /usr/bin/cmake --build /home/fra/master_ws_2/build/custom_robot_gazebo -- -j12 -l12
[0.396s] DEBUG:colcon.colcon_core.event_handler.log_command:Invoked command in '/home/fra/master_ws_2/build/custom_robot_description' returned '0': CMAKE_PREFIX_PATH=${CMAKE_PREFIX_PATH}:/home/fra/ros2_ws/install/python_pkg:/opt/ros/humble /usr/bin/cmake --build /home/fra/master_ws_2/build/custom_robot_description -- -j12 -l12
[0.404s] DEBUG:colcon.colcon_core.event_handler.log_command:Invoking command in '/home/fra/master_ws_2/build/custom_robot_description': CMAKE_PREFIX_PATH=${CMAKE_PREFIX_PATH}:/home/fra/ros2_ws/install/python_pkg:/opt/ros/humble /usr/bin/cmake --install /home/fra/master_ws_2/build/custom_robot_description
[0.414s] Level 1:colcon.colcon_core.environment:create_environment_scripts_only(custom_robot_description)
[0.414s] DEBUG:colcon.colcon_core.event_handler.log_command:Invoked command in '/home/fra/master_ws_2/build/custom_robot_description' returned '0': CMAKE_PREFIX_PATH=${CMAKE_PREFIX_PATH}:/home/fra/ros2_ws/install/python_pkg:/opt/ros/humble /usr/bin/cmake --install /home/fra/master_ws_2/build/custom_robot_description
[0.416s] Level 1:colcon.colcon_core.environment:checking '/home/fra/master_ws_2/install/custom_robot_description' for CMake module files
[0.417s] Level 1:colcon.colcon_core.environment:checking '/home/fra/master_ws_2/install/custom_robot_description' for CMake config files
[0.417s] Level 1:colcon.colcon_core.shell:create_environment_hook('custom_robot_description', 'cmake_prefix_path')
[0.417s] INFO:colcon.colcon_core.shell:Creating environment hook '/home/fra/master_ws_2/install/custom_robot_description/share/custom_robot_description/hook/cmake_prefix_path.ps1'
[0.418s] INFO:colcon.colcon_core.shell:Creating environment descriptor '/home/fra/master_ws_2/install/custom_robot_description/share/custom_robot_description/hook/cmake_prefix_path.dsv'
[0.418s] INFO:colcon.colcon_core.shell:Creating environment hook '/home/fra/master_ws_2/install/custom_robot_description/share/custom_robot_description/hook/cmake_prefix_path.sh'
[0.419s] Level 1:colcon.colcon_core.environment:checking '/home/fra/master_ws_2/install/custom_robot_description/bin'
[0.419s] Level 1:colcon.colcon_core.environment:checking '/home/fra/master_ws_2/install/custom_robot_description/lib/pkgconfig/custom_robot_description.pc'
[0.419s] Level 1:colcon.colcon_core.environment:checking '/home/fra/master_ws_2/install/custom_robot_description/lib/python3.10/site-packages'
[0.420s] Level 1:colcon.colcon_core.environment:checking '/home/fra/master_ws_2/install/custom_robot_description/bin'
[0.420s] INFO:colcon.colcon_core.shell:Creating package script '/home/fra/master_ws_2/install/custom_robot_description/share/custom_robot_description/package.ps1'
[0.421s] INFO:colcon.colcon_core.shell:Creating package descriptor '/home/fra/master_ws_2/install/custom_robot_description/share/custom_robot_description/package.dsv'
[0.421s] INFO:colcon.colcon_core.shell:Creating package script '/home/fra/master_ws_2/install/custom_robot_description/share/custom_robot_description/package.sh'
[0.422s] INFO:colcon.colcon_core.shell:Creating package script '/home/fra/master_ws_2/install/custom_robot_description/share/custom_robot_description/package.bash'
[0.423s] INFO:colcon.colcon_core.shell:Creating package script '/home/fra/master_ws_2/install/custom_robot_description/share/custom_robot_description/package.zsh'
[0.423s] Level 1:colcon.colcon_core.environment:create_file_with_runtime_dependencies(/home/fra/master_ws_2/install/custom_robot_description/share/colcon-core/packages/custom_robot_description)
[0.424s] Level 1:colcon.colcon_core.environment:create_environment_scripts_only(custom_robot_description)
[0.424s] Level 1:colcon.colcon_core.environment:checking '/home/fra/master_ws_2/install/custom_robot_description' for CMake module files
[0.425s] Level 1:colcon.colcon_core.environment:checking '/home/fra/master_ws_2/install/custom_robot_description' for CMake config files
[0.425s] Level 1:colcon.colcon_core.shell:create_environment_hook('custom_robot_description', 'cmake_prefix_path')
[0.425s] INFO:colcon.colcon_core.shell:Creating environment hook '/home/fra/master_ws_2/install/custom_robot_description/share/custom_robot_description/hook/cmake_prefix_path.ps1'
[0.426s] INFO:colcon.colcon_core.shell:Creating environment descriptor '/home/fra/master_ws_2/install/custom_robot_description/share/custom_robot_description/hook/cmake_prefix_path.dsv'
[0.426s] INFO:colcon.colcon_core.shell:Creating environment hook '/home/fra/master_ws_2/install/custom_robot_description/share/custom_robot_description/hook/cmake_prefix_path.sh'
[0.427s] Level 1:colcon.colcon_core.environment:checking '/home/fra/master_ws_2/install/custom_robot_description/bin'
[0.427s] Level 1:colcon.colcon_core.environment:checking '/home/fra/master_ws_2/install/custom_robot_description/lib/pkgconfig/custom_robot_description.pc'
[0.427s] Level 1:colcon.colcon_core.environment:checking '/home/fra/master_ws_2/install/custom_robot_description/lib/python3.10/site-packages'
[0.427s] Level 1:colcon.colcon_core.environment:checking '/home/fra/master_ws_2/install/custom_robot_description/bin'
[0.427s] INFO:colcon.colcon_core.shell:Creating package script '/home/fra/master_ws_2/install/custom_robot_description/share/custom_robot_description/package.ps1'
[0.428s] INFO:colcon.colcon_core.shell:Creating package descriptor '/home/fra/master_ws_2/install/custom_robot_description/share/custom_robot_description/package.dsv'
[0.428s] INFO:colcon.colcon_core.shell:Creating package script '/home/fra/master_ws_2/install/custom_robot_description/share/custom_robot_description/package.sh'
[0.429s] INFO:colcon.colcon_core.shell:Creating package script '/home/fra/master_ws_2/install/custom_robot_description/share/custom_robot_description/package.bash'
[0.429s] INFO:colcon.colcon_core.shell:Creating package script '/home/fra/master_ws_2/install/custom_robot_description/share/custom_robot_description/package.zsh'
[0.430s] Level 1:colcon.colcon_core.environment:create_file_with_runtime_dependencies(/home/fra/master_ws_2/install/custom_robot_description/share/colcon-core/packages/custom_robot_description)
[0.962s] DEBUG:colcon.colcon_core.event_handler.log_command:Invoked command in '/home/fra/master_ws_2/build/custom_robot_gazebo' returned '0': CMAKE_PREFIX_PATH=${CMAKE_PREFIX_PATH}:/home/fra/ros2_ws/install/python_pkg:/opt/ros/humble /usr/bin/cmake --build /home/fra/master_ws_2/build/custom_robot_gazebo -- -j12 -l12
[0.964s] DEBUG:colcon.colcon_core.event_handler.log_command:Invoking command in '/home/fra/master_ws_2/build/custom_robot_gazebo': CMAKE_PREFIX_PATH=${CMAKE_PREFIX_PATH}:/home/fra/ros2_ws/install/python_pkg:/opt/ros/humble /usr/bin/cmake --install /home/fra/master_ws_2/build/custom_robot_gazebo
[0.972s] Level 1:colcon.colcon_core.environment:create_environment_scripts_only(custom_robot_gazebo)
[0.973s] Level 1:colcon.colcon_core.environment:checking '/home/fra/master_ws_2/install/custom_robot_gazebo' for CMake module files
[0.974s] DEBUG:colcon.colcon_core.event_handler.log_command:Invoked command in '/home/fra/master_ws_2/build/custom_robot_gazebo' returned '0': CMAKE_PREFIX_PATH=${CMAKE_PREFIX_PATH}:/home/fra/ros2_ws/install/python_pkg:/opt/ros/humble /usr/bin/cmake --install /home/fra/master_ws_2/build/custom_robot_gazebo
[0.974s] Level 1:colcon.colcon_core.environment:checking '/home/fra/master_ws_2/install/custom_robot_gazebo' for CMake config files
[0.974s] Level 1:colcon.colcon_core.shell:create_environment_hook('custom_robot_gazebo', 'cmake_prefix_path')
[0.974s] INFO:colcon.colcon_core.shell:Creating environment hook '/home/fra/master_ws_2/install/custom_robot_gazebo/share/custom_robot_gazebo/hook/cmake_prefix_path.ps1'
[0.975s] INFO:colcon.colcon_core.shell:Creating environment descriptor '/home/fra/master_ws_2/install/custom_robot_gazebo/share/custom_robot_gazebo/hook/cmake_prefix_path.dsv'
[0.975s] INFO:colcon.colcon_core.shell:Creating environment hook '/home/fra/master_ws_2/install/custom_robot_gazebo/share/custom_robot_gazebo/hook/cmake_prefix_path.sh'
[0.976s] Level 1:colcon.colcon_core.environment:checking '/home/fra/master_ws_2/install/custom_robot_gazebo/bin'
[0.976s] Level 1:colcon.colcon_core.environment:checking '/home/fra/master_ws_2/install/custom_robot_gazebo/lib/pkgconfig/custom_robot_gazebo.pc'
[0.976s] Level 1:colcon.colcon_core.environment:checking '/home/fra/master_ws_2/install/custom_robot_gazebo/lib/python3.10/site-packages'
[0.976s] Level 1:colcon.colcon_core.environment:checking '/home/fra/master_ws_2/install/custom_robot_gazebo/bin'
[0.977s] INFO:colcon.colcon_core.shell:Creating package script '/home/fra/master_ws_2/install/custom_robot_gazebo/share/custom_robot_gazebo/package.ps1'
[0.977s] INFO:colcon.colcon_core.shell:Creating package descriptor '/home/fra/master_ws_2/install/custom_robot_gazebo/share/custom_robot_gazebo/package.dsv'
[0.978s] INFO:colcon.colcon_core.shell:Creating package script '/home/fra/master_ws_2/install/custom_robot_gazebo/share/custom_robot_gazebo/package.sh'
[0.978s] INFO:colcon.colcon_core.shell:Creating package script '/home/fra/master_ws_2/install/custom_robot_gazebo/share/custom_robot_gazebo/package.bash'
[0.978s] INFO:colcon.colcon_core.shell:Creating package script '/home/fra/master_ws_2/install/custom_robot_gazebo/share/custom_robot_gazebo/package.zsh'
[0.979s] Level 1:colcon.colcon_core.environment:create_file_with_runtime_dependencies(/home/fra/master_ws_2/install/custom_robot_gazebo/share/colcon-core/packages/custom_robot_gazebo)
[0.979s] Level 1:colcon.colcon_core.environment:create_environment_scripts_only(custom_robot_gazebo)
[0.980s] Level 1:colcon.colcon_core.environment:checking '/home/fra/master_ws_2/install/custom_robot_gazebo' for CMake module files
[0.980s] Level 1:colcon.colcon_core.environment:checking '/home/fra/master_ws_2/install/custom_robot_gazebo' for CMake config files
[0.980s] Level 1:colcon.colcon_core.shell:create_environment_hook('custom_robot_gazebo', 'cmake_prefix_path')
[0.980s] INFO:colcon.colcon_core.shell:Creating environment hook '/home/fra/master_ws_2/install/custom_robot_gazebo/share/custom_robot_gazebo/hook/cmake_prefix_path.ps1'
[0.981s] INFO:colcon.colcon_core.shell:Creating environment descriptor '/home/fra/master_ws_2/install/custom_robot_gazebo/share/custom_robot_gazebo/hook/cmake_prefix_path.dsv'
[0.981s] INFO:colcon.colcon_core.shell:Creating environment hook '/home/fra/master_ws_2/install/custom_robot_gazebo/share/custom_robot_gazebo/hook/cmake_prefix_path.sh'
[0.982s] Level 1:colcon.colcon_core.environment:checking '/home/fra/master_ws_2/install/custom_robot_gazebo/bin'
[0.982s] Level 1:colcon.colcon_core.environment:checking '/home/fra/master_ws_2/install/custom_robot_gazebo/lib/pkgconfig/custom_robot_gazebo.pc'
[0.982s] Level 1:colcon.colcon_core.environment:checking '/home/fra/master_ws_2/install/custom_robot_gazebo/lib/python3.10/site-packages'
[0.982s] Level 1:colcon.colcon_core.environment:checking '/home/fra/master_ws_2/install/custom_robot_gazebo/bin'
[0.983s] INFO:colcon.colcon_core.shell:Creating package script '/home/fra/master_ws_2/install/custom_robot_gazebo/share/custom_robot_gazebo/package.ps1'
[0.983s] INFO:colcon.colcon_core.shell:Creating package descriptor '/home/fra/master_ws_2/install/custom_robot_gazebo/share/custom_robot_gazebo/package.dsv'
[0.984s] INFO:colcon.colcon_core.shell:Creating package script '/home/fra/master_ws_2/install/custom_robot_gazebo/share/custom_robot_gazebo/package.sh'
[0.984s] INFO:colcon.colcon_core.shell:Creating package script '/home/fra/master_ws_2/install/custom_robot_gazebo/share/custom_robot_gazebo/package.bash'
[0.984s] INFO:colcon.colcon_core.shell:Creating package script '/home/fra/master_ws_2/install/custom_robot_gazebo/share/custom_robot_gazebo/package.zsh'
[0.985s] Level 1:colcon.colcon_core.environment:create_file_with_runtime_dependencies(/home/fra/master_ws_2/install/custom_robot_gazebo/share/colcon-core/packages/custom_robot_gazebo)
[0.985s] DEBUG:colcon.colcon_parallel_executor.executor.parallel:closing loop
[0.985s] DEBUG:colcon.colcon_parallel_executor.executor.parallel:loop closed
[0.985s] DEBUG:colcon.colcon_parallel_executor.executor.parallel:run_until_complete finished with '0'
[0.985s] DEBUG:colcon.colcon_core.event_reactor:joining thread
[0.991s] INFO:colcon.colcon_core.plugin_system:Skipping extension 'colcon_notification.desktop_notification.terminal_notifier': Not used on non-Darwin systems
[0.991s] INFO:colcon.colcon_core.plugin_system:Skipping extension 'colcon_notification.desktop_notification.win32': Not used on non-Windows systems
[0.991s] INFO:colcon.colcon_notification.desktop_notification:Sending desktop notification using 'notify2'
[1.002s] DEBUG:colcon.colcon_core.event_reactor:joined thread
[1.003s] INFO:colcon.colcon_core.shell:Creating prefix script '/home/fra/master_ws_2/install/local_setup.ps1'
[1.004s] INFO:colcon.colcon_core.shell:Creating prefix util module '/home/fra/master_ws_2/install/_local_setup_util_ps1.py'
[1.005s] INFO:colcon.colcon_core.shell:Creating prefix chain script '/home/fra/master_ws_2/install/setup.ps1'
[1.007s] INFO:colcon.colcon_core.shell:Creating prefix script '/home/fra/master_ws_2/install/local_setup.sh'
[1.007s] INFO:colcon.colcon_core.shell:Creating prefix util module '/home/fra/master_ws_2/install/_local_setup_util_sh.py'
[1.008s] INFO:colcon.colcon_core.shell:Creating prefix chain script '/home/fra/master_ws_2/install/setup.sh'
[1.009s] INFO:colcon.colcon_core.shell:Creating prefix script '/home/fra/master_ws_2/install/local_setup.bash'
[1.010s] INFO:colcon.colcon_core.shell:Creating prefix chain script '/home/fra/master_ws_2/install/setup.bash'
[1.011s] INFO:colcon.colcon_core.shell:Creating prefix script '/home/fra/master_ws_2/install/local_setup.zsh'
[1.011s] INFO:colcon.colcon_core.shell:Creating prefix chain script '/home/fra/master_ws_2/install/setup.zsh'
