[0.010s] Invoking command in '/home/fra/master_ws_2/build/custom_robot_description': CMAKE_PREFIX_PATH=${CMAKE_PREFIX_PATH}:/home/fra/ros2_ws/install/python_pkg:/opt/ros/humble /usr/bin/cmake /home/fra/master_ws_2/src/custom_robot_description -DCMAKE_INSTALL_PREFIX=/home/fra/master_ws_2/install/custom_robot_description
[0.118s] -- The C compiler identification is GNU 11.4.0
[0.201s] -- The CXX compiler identification is GNU 11.4.0
[0.210s] -- Detecting C compiler ABI info
[0.283s] -- Detecting C compiler ABI info - done
[0.294s] -- Check for working C compiler: /usr/bin/cc - skipped
[0.294s] -- Detecting C compile features
[0.295s] -- Detecting C compile features - done
[0.299s] -- Detecting CXX compiler ABI info
[0.372s] -- Detecting CXX compiler ABI info - done
[0.381s] -- Check for working CXX compiler: /usr/bin/c++ - skipped
[0.381s] -- Detecting CXX compile features
[0.382s] -- Detecting CXX compile features - done
[0.385s] -- Found ament_cmake: 1.3.11 (/opt/ros/humble/share/ament_cmake/cmake)
[0.525s] -- Found Python3: /usr/bin/python3 (found version "3.10.12") found components: Interpreter 
[0.614s] -- Found urdf: 2.6.1 (/opt/ros/humble/share/urdf/cmake)
[0.666s] -- Found ament_lint_auto: 0.12.11 (/opt/ros/humble/share/ament_lint_auto/cmake)
[0.739s] -- Added test 'lint_cmake' to check CMake code style
[0.741s] -- Added test 'xmllint' to check XML markup files
[0.742s] -- Configuring done
[0.745s] -- Generating done
[0.746s] -- Build files have been written to: /home/fra/master_ws_2/build/custom_robot_description
[0.752s] Invoked command in '/home/fra/master_ws_2/build/custom_robot_description' returned '0': CMAKE_PREFIX_PATH=${CMAKE_PREFIX_PATH}:/home/fra/ros2_ws/install/python_pkg:/opt/ros/humble /usr/bin/cmake /home/fra/master_ws_2/src/custom_robot_description -DCMAKE_INSTALL_PREFIX=/home/fra/master_ws_2/install/custom_robot_description
[0.753s] Invoking command in '/home/fra/master_ws_2/build/custom_robot_description': CMAKE_PREFIX_PATH=${CMAKE_PREFIX_PATH}:/home/fra/ros2_ws/install/python_pkg:/opt/ros/humble /usr/bin/cmake --build /home/fra/master_ws_2/build/custom_robot_description -- -j12 -l12
[0.783s] Invoked command in '/home/fra/master_ws_2/build/custom_robot_description' returned '0': CMAKE_PREFIX_PATH=${CMAKE_PREFIX_PATH}:/home/fra/ros2_ws/install/python_pkg:/opt/ros/humble /usr/bin/cmake --build /home/fra/master_ws_2/build/custom_robot_description -- -j12 -l12
[0.792s] Invoking command in '/home/fra/master_ws_2/build/custom_robot_description': CMAKE_PREFIX_PATH=${CMAKE_PREFIX_PATH}:/home/fra/ros2_ws/install/python_pkg:/opt/ros/humble /usr/bin/cmake --install /home/fra/master_ws_2/build/custom_robot_description
[0.798s] -- Install configuration: ""
[0.798s] -- Installing: /home/fra/master_ws_2/install/custom_robot_description/share/ament_index/resource_index/package_run_dependencies/custom_robot_description
[0.798s] -- Installing: /home/fra/master_ws_2/install/custom_robot_description/share/ament_index/resource_index/parent_prefix_path/custom_robot_description
[0.799s] -- Installing: /home/fra/master_ws_2/install/custom_robot_description/share/custom_robot_description/environment/ament_prefix_path.sh
[0.799s] -- Installing: /home/fra/master_ws_2/install/custom_robot_description/share/custom_robot_description/environment/ament_prefix_path.dsv
[0.799s] -- Installing: /home/fra/master_ws_2/install/custom_robot_description/share/custom_robot_description/environment/path.sh
[0.799s] -- Installing: /home/fra/master_ws_2/install/custom_robot_description/share/custom_robot_description/environment/path.dsv
[0.799s] -- Installing: /home/fra/master_ws_2/install/custom_robot_description/share/custom_robot_description/local_setup.bash
[0.799s] -- Installing: /home/fra/master_ws_2/install/custom_robot_description/share/custom_robot_description/local_setup.sh
[0.799s] -- Installing: /home/fra/master_ws_2/install/custom_robot_description/share/custom_robot_description/local_setup.zsh
[0.799s] -- Installing: /home/fra/master_ws_2/install/custom_robot_description/share/custom_robot_description/local_setup.dsv
[0.800s] -- Installing: /home/fra/master_ws_2/install/custom_robot_description/share/custom_robot_description/package.dsv
[0.800s] -- Installing: /home/fra/master_ws_2/install/custom_robot_description/share/ament_index/resource_index/packages/custom_robot_description
[0.800s] -- Installing: /home/fra/master_ws_2/install/custom_robot_description/share/custom_robot_description/cmake/custom_robot_descriptionConfig.cmake
[0.800s] -- Installing: /home/fra/master_ws_2/install/custom_robot_description/share/custom_robot_description/cmake/custom_robot_descriptionConfig-version.cmake
[0.800s] -- Installing: /home/fra/master_ws_2/install/custom_robot_description/share/custom_robot_description/package.xml
[0.802s] Invoked command in '/home/fra/master_ws_2/build/custom_robot_description' returned '0': CMAKE_PREFIX_PATH=${CMAKE_PREFIX_PATH}:/home/fra/ros2_ws/install/python_pkg:/opt/ros/humble /usr/bin/cmake --install /home/fra/master_ws_2/build/custom_robot_description
