[0.013s] Invoking command in '/home/fra/master_ws_2/build/custom_robot_gazebo': CMAKE_PREFIX_PATH=${CMAKE_PREFIX_PATH}:/home/fra/ros2_ws/install/python_pkg:/opt/ros/humble /usr/bin/cmake --build /home/fra/master_ws_2/build/custom_robot_gazebo -- -j12 -l12
[0.037s] -- Found ament_cmake: 1.3.11 (/opt/ros/humble/share/ament_cmake/cmake)
[0.157s] -- Found controller_manager: 2.46.0 (/opt/ros/humble/share/controller_manager/cmake)
[0.184s] -- Found rosidl_generator_c: 3.1.6 (/opt/ros/humble/share/rosidl_generator_c/cmake)
[0.186s] -- Found rosidl_adapter: 3.1.6 (/opt/ros/humble/share/rosidl_adapter/cmake)
[0.192s] -- Found rosidl_generator_cpp: 3.1.6 (/opt/ros/humble/share/rosidl_generator_cpp/cmake)
[0.201s] -- Using all available rosidl_typesupport_c: rosidl_typesupport_fastrtps_c;rosidl_typesupport_introspection_c
[0.213s] -- Using all available rosidl_typesupport_cpp: rosidl_typesupport_fastrtps_cpp;rosidl_typesupport_introspection_cpp
[0.373s] -- Found rmw_implementation_cmake: 6.1.2 (/opt/ros/humble/share/rmw_implementation_cmake/cmake)
[0.374s] -- Found rmw_fastrtps_cpp: 6.2.7 (/opt/ros/humble/share/rmw_fastrtps_cpp/cmake)
[0.391s] -- Found TinyXML2 via Config file: TinyXML2_DIR-NOTFOUND
[0.399s] -- Found TinyXML2 via Config file: TinyXML2_DIR-NOTFOUND
[0.412s] -- Found TinyXML2 via Config file: TinyXML2_DIR-NOTFOUND
[0.419s] -- Found TinyXML2 via Config file: TinyXML2_DIR-NOTFOUND
[0.428s] -- Using RMW implementation 'rmw_fastrtps_cpp' as default
[0.512s] [31mCMake Error at CMakeLists.txt:11 (find_package):
[0.512s]   By not providing "Findjoint_state_publisher.cmake" in CMAKE_MODULE_PATH
[0.513s]   this project has asked CMake to find a package configuration file provided
[0.513s]   by "joint_state_publisher", but CMake did not find one.
[0.513s] 
[0.513s]   Could not find a package configuration file provided by
[0.513s]   "joint_state_publisher" with any of the following names:
[0.513s] 
[0.513s]     joint_state_publisherConfig.cmake
[0.513s]     joint_state_publisher-config.cmake
[0.513s] 
[0.513s]   Add the installation prefix of "joint_state_publisher" to CMAKE_PREFIX_PATH
[0.513s]   or set "joint_state_publisher_DIR" to a directory containing one of the
[0.513s]   above files.  If "joint_state_publisher" provides a separate development
[0.513s]   package or SDK, be sure it has been installed.
[0.513s] 
[0.513s] [0m
[0.513s] -- Configuring incomplete, errors occurred!
[0.513s] See also "/home/fra/master_ws_2/build/custom_robot_gazebo/CMakeFiles/CMakeOutput.log".
[0.518s] gmake: *** [Makefile:226: cmake_check_build_system] Error 1
[0.520s] Invoked command in '/home/fra/master_ws_2/build/custom_robot_gazebo' returned '2': CMAKE_PREFIX_PATH=${CMAKE_PREFIX_PATH}:/home/fra/ros2_ws/install/python_pkg:/opt/ros/humble /usr/bin/cmake --build /home/fra/master_ws_2/build/custom_robot_gazebo -- -j12 -l12
