[0.049s] Invoking command in '/home/fra/master_ws_2/build/custom_robot_description': CMAKE_PREFIX_PATH=${CMAKE_PREFIX_PATH}:/home/fra/ros2_ws/install/python_pkg:/opt/ros/humble /usr/bin/cmake --build /home/fra/master_ws_2/build/custom_robot_description -- -j12 -l12
[0.110s] -- Found ament_cmake: 1.3.11 (/opt/ros/humble/share/ament_cmake/cmake)
[0.507s] -- Found urdf: 2.6.1 (/opt/ros/humble/share/urdf/cmake)
[0.613s] -- Found ament_lint_auto: 0.12.11 (/opt/ros/humble/share/ament_lint_auto/cmake)
[0.840s] -- Added test 'flake8' to check Python code syntax and style conventions
[0.842s] -- Added test 'lint_cmake' to check CMake code style
[0.843s] -- Added test 'pep257' to check Python code against some of the docstring style conventions in PEP 257
[0.847s] -- Added test 'xmllint' to check XML markup files
[0.849s] -- Configuring done
[0.857s] -- Generating done
[0.864s] -- Build files have been written to: /home/fra/master_ws_2/build/custom_robot_description
[0.927s] Invoked command in '/home/fra/master_ws_2/build/custom_robot_description' returned '0': CMAKE_PREFIX_PATH=${CMAKE_PREFIX_PATH}:/home/fra/ros2_ws/install/python_pkg:/opt/ros/humble /usr/bin/cmake --build /home/fra/master_ws_2/build/custom_robot_description -- -j12 -l12
[0.956s] Invoking command in '/home/fra/master_ws_2/build/custom_robot_description': CMAKE_PREFIX_PATH=${CMAKE_PREFIX_PATH}:/home/fra/ros2_ws/install/python_pkg:/opt/ros/humble /usr/bin/cmake --install /home/fra/master_ws_2/build/custom_robot_description
[0.976s] -- Install configuration: ""
[0.977s] -- Up-to-date: /home/fra/master_ws_2/install/custom_robot_description/share/custom_robot_description/launch
[0.977s] -- Installing: /home/fra/master_ws_2/install/custom_robot_description/share/custom_robot_description/launch/rviz.launch.py
[0.978s] -- Up-to-date: /home/fra/master_ws_2/install/custom_robot_description/share/custom_robot_description/urdf
[0.978s] -- Installing: /home/fra/master_ws_2/install/custom_robot_description/share/custom_robot_description/urdf/custom_cobot.urdf.xacro
[0.978s] -- Up-to-date: /home/fra/master_ws_2/install/custom_robot_description/share/custom_robot_description/urdf/custom_robot_gazebo.xacro
[0.979s] -- Up-to-date: /home/fra/master_ws_2/install/custom_robot_description/share/custom_robot_description/urdf/custom_gripper.xacro
[0.979s] -- Up-to-date: /home/fra/master_ws_2/install/custom_robot_description/share/custom_robot_description/urdf/link_joint.xacro
[0.979s] -- Installing: /home/fra/master_ws_2/install/custom_robot_description/share/custom_robot_description/config
[0.979s] -- Installing: /home/fra/master_ws_2/install/custom_robot_description/share/custom_robot_description/config/config.rviz
[0.980s] -- Up-to-date: /home/fra/master_ws_2/install/custom_robot_description/share/ament_index/resource_index/package_run_dependencies/custom_robot_description
[0.980s] -- Up-to-date: /home/fra/master_ws_2/install/custom_robot_description/share/ament_index/resource_index/parent_prefix_path/custom_robot_description
[0.981s] -- Up-to-date: /home/fra/master_ws_2/install/custom_robot_description/share/custom_robot_description/environment/ament_prefix_path.sh
[0.981s] -- Installing: /home/fra/master_ws_2/install/custom_robot_description/share/custom_robot_description/environment/ament_prefix_path.dsv
[0.981s] -- Up-to-date: /home/fra/master_ws_2/install/custom_robot_description/share/custom_robot_description/environment/path.sh
[0.981s] -- Installing: /home/fra/master_ws_2/install/custom_robot_description/share/custom_robot_description/environment/path.dsv
[0.981s] -- Up-to-date: /home/fra/master_ws_2/install/custom_robot_description/share/custom_robot_description/local_setup.bash
[0.982s] -- Up-to-date: /home/fra/master_ws_2/install/custom_robot_description/share/custom_robot_description/local_setup.sh
[0.982s] -- Up-to-date: /home/fra/master_ws_2/install/custom_robot_description/share/custom_robot_description/local_setup.zsh
[0.982s] -- Installing: /home/fra/master_ws_2/install/custom_robot_description/share/custom_robot_description/local_setup.dsv
[0.982s] -- Installing: /home/fra/master_ws_2/install/custom_robot_description/share/custom_robot_description/package.dsv
[0.983s] -- Up-to-date: /home/fra/master_ws_2/install/custom_robot_description/share/ament_index/resource_index/packages/custom_robot_description
[0.983s] -- Up-to-date: /home/fra/master_ws_2/install/custom_robot_description/share/custom_robot_description/cmake/custom_robot_descriptionConfig.cmake
[0.983s] -- Up-to-date: /home/fra/master_ws_2/install/custom_robot_description/share/custom_robot_description/cmake/custom_robot_descriptionConfig-version.cmake
[0.983s] -- Up-to-date: /home/fra/master_ws_2/install/custom_robot_description/share/custom_robot_description/package.xml
[0.986s] Invoked command in '/home/fra/master_ws_2/build/custom_robot_description' returned '0': CMAKE_PREFIX_PATH=${CMAKE_PREFIX_PATH}:/home/fra/ros2_ws/install/python_pkg:/opt/ros/humble /usr/bin/cmake --install /home/fra/master_ws_2/build/custom_robot_description
